<?xml version="1.0" encoding="UTF-8"?>
<testng-results ignored="0" total="1" passed="0" failed="1" skipped="0">
  <reporter-output>
  </reporter-output>
  <suite started-at="2025-10-30T16:11:01 IST" name="Default suite" finished-at="2025-10-30T16:11:01 IST" duration-ms="655">
    <groups>
      <group name="cucumber">
        <method signature="AbstractTestNGCucumberTests.runScenario(io.cucumber.testng.PickleWrapper,io.cucumber.testng.FeatureWrapper)[pri:0, instance:com.amazon.runner.TestRunner@6a2b953e]" name="runScenario" class="io.cucumber.testng.AbstractTestNGCucumberTests"/>
      </group> <!-- cucumber -->
    </groups>
    <test started-at="2025-10-30T16:11:01 IST" name="Default test" finished-at="2025-10-30T16:11:01 IST" duration-ms="655">
      <class name="com.amazon.runner.TestRunner">
        <test-method is-config="true" signature="setUpClass(org.testng.ITestContext)[pri:0, instance:com.amazon.runner.TestRunner@6a2b953e]" started-at="2025-10-30T16:11:01 IST" name="setUpClass" finished-at="2025-10-30T16:11:01 IST" duration-ms="485" status="PASS">
          <params>
            <param index="0">
              <value>
                <![CDATA[org.testng.TestRunner@425357dd]]>
              </value>
            </param>
          </params>
          <reporter-output>
          </reporter-output>
        </test-method> <!-- setUpClass -->
        <test-method signature="runScenario(io.cucumber.testng.PickleWrapper,io.cucumber.testng.FeatureWrapper)[pri:0, instance:com.amazon.runner.TestRunner@6a2b953e]" started-at="2025-10-30T16:11:01 IST" name="runScenario" description="Runs Cucumber Scenarios" data-provider="scenarios" finished-at="2025-10-30T16:11:01 IST" duration-ms="105" status="FAIL">
          <params>
            <param index="0">
              <value>
                <![CDATA["Rapid Navigation to the Deals Page"]]>
              </value>
            </param>
            <param index="1">
              <value>
                <![CDATA["Responsive Deals Access"]]>
              </value>
            </param>
          </params>
          <exception class="io.cucumber.testng.UndefinedStepException">
            <message>
              <![CDATA[The step 'The Amazon website is fully loaded' and 2 other step(s) are undefined.
You can implement these steps using the snippet(s) below:

@Given("The Amazon website is fully loaded")
public void the_amazon_website_is_fully_loaded() {
    // Write code here that turns the phrase above into concrete actions
    throw new io.cucumber.java.PendingException();
}
@When("I click the {string} button")
public void i_click_the_button(String string) {
    // Write code here that turns the phrase above into concrete actions
    throw new io.cucumber.java.PendingException();
}
@Then("The Daily Deals page should load within {int} seconds")
public void the_daily_deals_page_should_load_within_seconds(Integer int1) {
    // Write code here that turns the phrase above into concrete actions
    throw new io.cucumber.java.PendingException();
}
]]>
            </message>
            <full-stacktrace>
              <![CDATA[io.cucumber.testng.UndefinedStepException: The step 'The Amazon website is fully loaded' and 2 other step(s) are undefined.
You can implement these steps using the snippet(s) below:

@Given("The Amazon website is fully loaded")
public void the_amazon_website_is_fully_loaded() {
    // Write code here that turns the phrase above into concrete actions
    throw new io.cucumber.java.PendingException();
}
@When("I click the {string} button")
public void i_click_the_button(String string) {
    // Write code here that turns the phrase above into concrete actions
    throw new io.cucumber.java.PendingException();
}
@Then("The Daily Deals page should load within {int} seconds")
public void the_daily_deals_page_should_load_within_seconds(Integer int1) {
    // Write code here that turns the phrase above into concrete actions
    throw new io.cucumber.java.PendingException();
}

at ✽.The Amazon website is fully loaded(file:///C:/Users/sujan/eclipse-workspace/ZZZ-amazon-cucumber-automation/src/test/resources/features/1opn_an_clk_tod_deals.feature:5)
]]>
            </full-stacktrace>
          </exception> <!-- io.cucumber.testng.UndefinedStepException -->
          <reporter-output>
          </reporter-output>
        </test-method> <!-- runScenario -->
        <test-method is-config="true" signature="tearDownClass()[pri:0, instance:com.amazon.runner.TestRunner@6a2b953e]" started-at="2025-10-30T16:11:01 IST" name="tearDownClass" finished-at="2025-10-30T16:11:01 IST" duration-ms="22" status="PASS">
          <reporter-output>
          </reporter-output>
        </test-method> <!-- tearDownClass -->
      </class> <!-- com.amazon.runner.TestRunner -->
    </test> <!-- Default test -->
  </suite> <!-- Default suite -->
</testng-results>
