<?xml version="1.0" encoding="UTF-8"?>
<!-- Generated by org.testng.reporters.JUnitXMLReporter -->
<testsuite ignored="0" hostname="Sujan-PC" failures="1" tests="1" name="Default test" time="0.655" errors="0" timestamp="2025-10-30T16:11:01 IST">
  <testcase classname="io.cucumber.testng.AbstractTestNGCucumberTests" name="runScenario" time="0.105">
    <failure type="io.cucumber.testng.UndefinedStepException" message="The step &amp;apos;The Amazon website is fully loaded&amp;apos; and 2 other step(s) are undefined.
You can implement these steps using the snippet(s) below:

@Given(&amp;quot;The Amazon website is fully loaded&amp;quot;)
public void the_amazon_website_is_fully_loaded() {
    // Write code here that turns the phrase above into concrete actions
    throw new io.cucumber.java.PendingException();
}
@When(&amp;quot;I click the {string} button&amp;quot;)
public void i_click_the_button(String string) {
    // Write code here that turns the phrase above into concrete actions
    throw new io.cucumber.java.PendingException();
}
@Then(&amp;quot;The Daily Deals page should load within {int} seconds&amp;quot;)
public void the_daily_deals_page_should_load_within_seconds(Integer int1) {
    // Write code here that turns the phrase above into concrete actions
    throw new io.cucumber.java.PendingException();
}
">
      <![CDATA[io.cucumber.testng.UndefinedStepException: The step 'The Amazon website is fully loaded' and 2 other step(s) are undefined.
You can implement these steps using the snippet(s) below:

@Given("The Amazon website is fully loaded")
public void the_amazon_website_is_fully_loaded() {
    // Write code here that turns the phrase above into concrete actions
    throw new io.cucumber.java.PendingException();
}
@When("I click the {string} button")
public void i_click_the_button(String string) {
    // Write code here that turns the phrase above into concrete actions
    throw new io.cucumber.java.PendingException();
}
@Then("The Daily Deals page should load within {int} seconds")
public void the_daily_deals_page_should_load_within_seconds(Integer int1) {
    // Write code here that turns the phrase above into concrete actions
    throw new io.cucumber.java.PendingException();
}

at ✽.The Amazon website is fully loaded(file:///C:/Users/sujan/eclipse-workspace/ZZZ-amazon-cucumber-automation/src/test/resources/features/1opn_an_clk_tod_deals.feature:5)
]]>
    </failure>
  </testcase> <!-- runScenario -->
</testsuite> <!-- Default test -->
