<?xml version="1.0" encoding="UTF-8"?>
<!-- Generated by org.testng.reporters.JUnitReportReporter -->
<testsuite hostname="Sujan-PC" failures="0" tests="1" name="com.amazon.runner.TestRunner" time="0.105" errors="1" timestamp="2025-10-30T16:11:02 IST" skipped="0">
  <testcase classname="com.amazon.runner.TestRunner" name="runScenario" time="0.105">
    <error message="The step &#039;The Amazon website is fully loaded&#039; and 2 other step(s) are undefined.
You can implement these steps using the snippet(s) below:

@Given(&quot;The Amazon website is fully loaded&quot;)
public void the_amazon_website_is_fully_loaded() {
    // Write code here that turns the phrase above into concrete actions
    throw new io.cucumber.java.PendingException();
}
@When(&quot;I click the {string} button&quot;)
public void i_click_the_button(String string) {
    // Write code here that turns the phrase above into concrete actions
    throw new io.cucumber.java.PendingException();
}
@Then(&quot;The Daily Deals page should load within {int} seconds&quot;)
public void the_daily_deals_page_should_load_within_seconds(Integer int1) {
    // Write code here that turns the phrase above into concrete actions
    throw new io.cucumber.java.PendingException();
}
" type="io.cucumber.testng.UndefinedStepException">
      <![CDATA[io.cucumber.testng.UndefinedStepException: The step 'The Amazon website is fully loaded' and 2 other step(s) are undefined.
You can implement these steps using the snippet(s) below:

@Given("The Amazon website is fully loaded")
public void the_amazon_website_is_fully_loaded() {
    // Write code here that turns the phrase above into concrete actions
    throw new io.cucumber.java.PendingException();
}
@When("I click the {string} button")
public void i_click_the_button(String string) {
    // Write code here that turns the phrase above into concrete actions
    throw new io.cucumber.java.PendingException();
}
@Then("The Daily Deals page should load within {int} seconds")
public void the_daily_deals_page_should_load_within_seconds(Integer int1) {
    // Write code here that turns the phrase above into concrete actions
    throw new io.cucumber.java.PendingException();
}

at ✽.The Amazon website is fully loaded(file:///C:/Users/sujan/eclipse-workspace/ZZZ-amazon-cucumber-automation/src/test/resources/features/1opn_an_clk_tod_deals.feature:5)
]]>
    </error>
  </testcase> <!-- runScenario -->
</testsuite> <!-- com.amazon.runner.TestRunner -->
